<?xml version="1.0" encoding="UTF-8"?>
<testng-results ignored="0" total="3" passed="3" failed="0" skipped="0">
  <reporter-output>
  </reporter-output>
  <suite started-at="2022-02-05T16:59:01Z" name="Command line suite" finished-at="2022-02-05T16:59:01Z" duration-ms="53">
    <groups>
    </groups>
    <test started-at="2022-02-05T16:59:01Z" name="Command line test" finished-at="2022-02-05T16:59:01Z" duration-ms="53">
      <class name="esGroupId.esArtifactId.SeleniumTestNGTest">
        <test-method signature="testMaven()[pri:0, instance:esGroupId.esArtifactId.SeleniumTestNGTest@65466a6a]" started-at="2022-02-05T22:29:01Z" name="testMaven" finished-at="2022-02-05T22:29:01Z" duration-ms="1" status="PASS">
          <reporter-output>
          </reporter-output>
        </test-method> <!-- testMaven -->
        <test-method signature="testMaven1()[pri:0, instance:esGroupId.esArtifactId.SeleniumTestNGTest@65466a6a]" started-at="2022-02-05T22:29:01Z" name="testMaven1" finished-at="2022-02-05T22:29:01Z" duration-ms="2" status="PASS">
          <reporter-output>
          </reporter-output>
        </test-method> <!-- testMaven1 -->
      </class> <!-- esGroupId.esArtifactId.SeleniumTestNGTest -->
      <class name="esGroupId.esArtifactId.EktaTest">
        <test-method signature="testMaven()[pri:0, instance:esGroupId.esArtifactId.EktaTest@5cee5251]" started-at="2022-02-05T22:29:01Z" name="testMaven" finished-at="2022-02-05T22:29:01Z" duration-ms="10" status="PASS">
          <reporter-output>
          </reporter-output>
        </test-method> <!-- testMaven -->
      </class> <!-- esGroupId.esArtifactId.EktaTest -->
    </test> <!-- Command line test -->
  </suite> <!-- Command line suite -->
</testng-results>
