<?xml version="1.0" encoding="UTF-8"?>
<!-- Generated by org.testng.reporters.JUnitXMLReporter -->
<testsuite ignored="0" hostname="DESKTOP-RIQHH8E" failures="0" tests="3" name="Command line test" time="0.053" errors="0" timestamp="05 Feb 2022 16:59:02 GMT">
  <testcase classname="esGroupId.esArtifactId.EktaTest" name="testMaven" time="0.01"/>
  <testcase classname="esGroupId.esArtifactId.SeleniumTestNGTest" name="testMaven" time="0.001"/>
  <testcase classname="esGroupId.esArtifactId.SeleniumTestNGTest" name="testMaven1" time="0.002"/>
</testsuite> <!-- Command line test -->
